<?xml version="1.0" encoding="utf-8"?><testsuites name="pytest tests"><testsuite name="pytest" errors="0" failures="0" skipped="0" tests="11" time="58.003" timestamp="2026-02-05T20:38:24.676615+00:00" hostname="agent-env-c3e2aad4-deba-43ef-a9df-992e53d5a9ec"><testcase classname="backend.tests.test_api.TestAuthentication" name="test_api_root" time="0.104" /><testcase classname="backend.tests.test_api.TestAuthentication" name="test_login_success" time="0.307" /><testcase classname="backend.tests.test_api.TestAuthentication" name="test_login_invalid_credentials" time="0.044" /><testcase classname="backend.tests.test_api.TestAuthentication" name="test_get_me_with_token" time="0.309" /><testcase classname="backend.tests.test_api.TestFunnelBuilder" name="test_build_funnel_basic" time="3.387" /><testcase classname="backend.tests.test_api.TestPhotoshootGenerator" name="test_generate_photoshoot_text_only" time="13.456" /><testcase classname="backend.tests.test_api.TestImageEditor" name="test_edit_image_missing_data" time="0.319" /><testcase classname="backend.tests.test_api.TestImageEditor" name="test_edit_image_with_base64" time="13.561" /><testcase classname="backend.tests.test_api.TestProfileAnalysis" name="test_profile_analysis_missing_image" time="0.341" /><testcase classname="backend.tests.test_api.TestProfileAnalysis" name="test_profile_analysis_with_image" time="24.715" /><testcase classname="backend.tests.test_api.TestAIChat" name="test_chat_basic" time="1.401" /></testsuite></testsuites>